# JRE version: OpenJDK Runtime Environment Temurin-21.0.8+9 (21.0.8+9) (build 21.0.8+9-LTS)
# Java VM: OpenJDK 64-Bit Server VM Temurin-21.0.8+9 (21.0.8+9-LTS, mixed mode, sharing, tiered, compressed oops, compressed class ptrs, parallel gc, windows-amd64)
GC Precious Log:
 CardTable entry size: 512
 CPUs: 4 total, 4 available
 Memory: 4000M
 Large Page Support: Disabled
 NUMA Support: Disabled
 Compressed Oops: Enabled (32-bit)
 Alignments: Space 512K, Generation 512K, Heap 2M
 Heap Min Capacity: 100M
 Heap Initial Capacity: 100M
 Heap Max Capacity: 2G
 Pre-touch: Disabled
 Parallel Workers: 4
Heap:
 PSYoungGen      total 10752K, used 4178K [0x00000000d5580000, 0x00000000d6580000, 0x0000000100000000)
  eden space 8192K, 20% used [0x00000000d5580000,0x00000000d571c430,0x00000000d5d80000)
  from space 2560K, 98% used [0x00000000d6300000,0x00000000d6578468,0x00000000d6580000)
  to   space 3584K, 0% used [0x00000000d5e80000,0x00000000d5e80000,0x00000000d6200000)
 ParOldGen       total 457728K, used 358822K [0x0000000080000000, 0x000000009bf00000, 0x00000000d5580000)
  object space 457728K, 78% used [0x0000000080000000,0x0000000095e69a68,0x000000009bf00000)
 Metaspace       used 59719K, committed 61056K, reserved 1114112K
  class space    used 6443K, committed 7040K, reserved 1048576K
GC Heap History (20 events):
Event: 395.233 GC heap before
{Heap before GC invocations=495 (full 5):
 PSYoungGen      total 7680K, used 6639K [0x00000000d5580000, 0x00000000d5e80000, 0x0000000100000000)
  eden space 6144K, 99% used [0x00000000d5580000,0x00000000d5b7ffa8,0x00000000d5b80000)
  from space 1536K, 32% used [0x00000000d5b80000,0x00000000d5bfc030,0x00000000d5d00000)
  to   space 1536K, 0% used [0x00000000d5d00000,0x00000000d5d00000,0x00000000d5e80000)
 ParOldGen       total 328704K, used 328668K [0x0000000080000000, 0x0000000094100000, 0x00000000d5580000)
  object space 328704K, 99% used [0x0000000080000000,0x00000000940f72b0,0x0000000094100000)
 Metaspace       used 58357K, committed 59584K, reserved 1114112K
  class space    used 6277K, committed 6848K, reserved 1048576K
}
Event: 395.291 GC heap after
{Heap after GC invocations=495 (full 5):
 PSYoungGen      total 7680K, used 1534K [0x00000000d5580000, 0x00000000d5e80000, 0x0000000100000000)
  eden space 6144K, 0% used [0x00000000d5580000,0x00000000d5580000,0x00000000d5b80000)
  from space 1536K, 99% used [0x00000000d5d00000,0x00000000d5e7fa68,0x00000000d5e80000)
  to   space 1536K, 0% used [0x00000000d5b80000,0x00000000d5b80000,0x00000000d5d00000)
 ParOldGen       total 333824K, used 333796K [0x0000000080000000, 0x0000000094600000, 0x00000000d5580000)
  object space 333824K, 99% used [0x0000000080000000,0x00000000945f93e8,0x0000000094600000)
 Metaspace       used 58357K, committed 59584K, reserved 1114112K
  class space    used 6277K, committed 6848K, reserved 1048576K
}
Event: 395.451 GC heap before
{Heap before GC invocations=496 (full 5):
 PSYoungGen      total 7680K, used 7678K [0x00000000d5580000, 0x00000000d5e80000, 0x0000000100000000)
  eden space 6144K, 100% used [0x00000000d5580000,0x00000000d5b80000,0x00000000d5b80000)
  from space 1536K, 99% used [0x00000000d5d00000,0x00000000d5e7fa68,0x00000000d5e80000)
  to   space 1536K, 0% used [0x00000000d5b80000,0x00000000d5b80000,0x00000000d5d00000)
 ParOldGen       total 333824K, used 333796K [0x0000000080000000, 0x0000000094600000, 0x00000000d5580000)
  object space 333824K, 99% used [0x0000000080000000,0x00000000945f93e8,0x0000000094600000)
 Metaspace       used 58357K, committed 59584K, reserved 1114112K
  class space    used 6277K, committed 6848K, reserved 1048576K
}
Event: 395.463 GC heap after
{Heap after GC invocations=496 (full 5):
 PSYoungGen      total 7680K, used 7678K [0x00000000d5580000, 0x00000000d5e80000, 0x0000000100000000)
  eden space 6144K, 100% used [0x00000000d5580000,0x00000000d5b80000,0x00000000d5b80000)
  from space 1536K, 99% used [0x00000000d5d00000,0x00000000d5e7fa68,0x00000000d5e80000)
  to   space 1536K, 99% used [0x00000000d5b80000,0x00000000d5cfff18,0x00000000d5d00000)
 ParOldGen       total 338432K, used 338356K [0x0000000080000000, 0x0000000094a80000, 0x00000000d5580000)
  object space 338432K, 99% used [0x0000000080000000,0x0000000094a6d0d0,0x0000000094a80000)
 Metaspace       used 58357K, committed 59584K, reserved 1114112K
  class space    used 6277K, committed 6848K, reserved 1048576K
}
Event: 395.463 GC heap before
{Heap before GC invocations=497 (full 6):
 PSYoungGen      total 7680K, used 7678K [0x00000000d5580000, 0x00000000d5e80000, 0x0000000100000000)
  eden space 6144K, 100% used [0x00000000d5580000,0x00000000d5b80000,0x00000000d5b80000)
  from space 1536K, 99% used [0x00000000d5d00000,0x00000000d5e7fa68,0x00000000d5e80000)
  to   space 1536K, 99% used [0x00000000d5b80000,0x00000000d5cfff18,0x00000000d5d00000)
 ParOldGen       total 338432K, used 338356K [0x0000000080000000, 0x0000000094a80000, 0x00000000d5580000)
  object space 338432K, 99% used [0x0000000080000000,0x0000000094a6d0d0,0x0000000094a80000)
 Metaspace       used 58357K, committed 59584K, reserved 1114112K
  class space    used 6277K, committed 6848K, reserved 1048576K
}
Event: 396.229 GC heap after
{Heap after GC invocations=497 (full 6):
 PSYoungGen      total 7680K, used 0K [0x00000000d5580000, 0x00000000d6a00000, 0x0000000100000000)
  eden space 6144K, 0% used [0x00000000d5580000,0x00000000d5580000,0x00000000d5b80000)
  from space 1536K, 0% used [0x00000000d5b80000,0x00000000d5b80000,0x00000000d5d00000)
  to   space 7168K, 0% used [0x00000000d6300000,0x00000000d6300000,0x00000000d6a00000)
 ParOldGen       total 457728K, used 337668K [0x0000000080000000, 0x000000009bf00000, 0x00000000d5580000)
  object space 457728K, 73% used [0x0000000080000000,0x00000000949c10e8,0x000000009bf00000)
 Metaspace       used 58357K, committed 59584K, reserved 1114112K
  class space    used 6277K, committed 6848K, reserved 1048576K
}
Event: 396.690 GC heap before
{Heap before GC invocations=498 (full 6):
 PSYoungGen      total 7680K, used 6144K [0x00000000d5580000, 0x00000000d6a00000, 0x0000000100000000)
  eden space 6144K, 100% used [0x00000000d5580000,0x00000000d5b80000,0x00000000d5b80000)
  from space 1536K, 0% used [0x00000000d5b80000,0x00000000d5b80000,0x00000000d5d00000)
  to   space 7168K, 0% used [0x00000000d6300000,0x00000000d6300000,0x00000000d6a00000)
 ParOldGen       total 457728K, used 337668K [0x0000000080000000, 0x000000009bf00000, 0x00000000d5580000)
  object space 457728K, 73% used [0x0000000080000000,0x00000000949c10e8,0x000000009bf00000)
 Metaspace       used 58381K, committed 59648K, reserved 1114112K
  class space    used 6277K, committed 6848K, reserved 1048576K
}
Event: 396.700 GC heap after
{Heap after GC invocations=498 (full 6):
 PSYoungGen      total 11264K, used 4355K [0x00000000d5580000, 0x00000000d6780000, 0x0000000100000000)
  eden space 6656K, 0% used [0x00000000d5580000,0x00000000d5580000,0x00000000d5c00000)
  from space 4608K, 94% used [0x00000000d6300000,0x00000000d6740cf0,0x00000000d6780000)
  to   space 5632K, 0% used [0x00000000d5c80000,0x00000000d5c80000,0x00000000d6200000)
 ParOldGen       total 457728K, used 337668K [0x0000000080000000, 0x000000009bf00000, 0x00000000d5580000)
  object space 457728K, 73% used [0x0000000080000000,0x00000000949c10e8,0x000000009bf00000)
 Metaspace       used 58381K, committed 59648K, reserved 1114112K
  class space    used 6277K, committed 6848K, reserved 1048576K
}
Event: 398.069 GC heap before
{Heap before GC invocations=499 (full 6):
 PSYoungGen      total 11264K, used 11011K [0x00000000d5580000, 0x00000000d6780000, 0x0000000100000000)
  eden space 6656K, 100% used [0x00000000d5580000,0x00000000d5c00000,0x00000000d5c00000)
  from space 4608K, 94% used [0x00000000d6300000,0x00000000d6740cf0,0x00000000d6780000)
  to   space 5632K, 0% used [0x00000000d5c80000,0x00000000d5c80000,0x00000000d6200000)
 ParOldGen       total 457728K, used 337668K [0x0000000080000000, 0x000000009bf00000, 0x00000000d5580000)
  object space 457728K, 73% used [0x0000000080000000,0x00000000949c10e8,0x000000009bf00000)
 Metaspace       used 58433K, committed 59648K, reserved 1114112K
  class space    used 6284K, committed 6848K, reserved 1048576K
}
Event: 398.090 GC heap after
{Heap after GC invocations=499 (full 6):
 PSYoungGen      total 12800K, used 5627K [0x00000000d5580000, 0x00000000d6d80000, 0x0000000100000000)
  eden space 7168K, 0% used [0x00000000d5580000,0x00000000d5580000,0x00000000d5c80000)
  from space 5632K, 99% used [0x00000000d5c80000,0x00000000d61fed50,0x00000000d6200000)
  to   space 8704K, 0% used [0x00000000d6500000,0x00000000d6500000,0x00000000d6d80000)
 ParOldGen       total 457728K, used 340068K [0x0000000080000000, 0x000000009bf00000, 0x00000000d5580000)
  object space 457728K, 74% used [0x0000000080000000,0x0000000094c190e8,0x000000009bf00000)
 Metaspace       used 58433K, committed 59648K, reserved 1114112K
  class space    used 6284K, committed 6848K, reserved 1048576K
}
Event: 398.285 GC heap before
{Heap before GC invocations=500 (full 6):
 PSYoungGen      total 12800K, used 12795K [0x00000000d5580000, 0x00000000d6d80000, 0x0000000100000000)
  eden space 7168K, 100% used [0x00000000d5580000,0x00000000d5c80000,0x00000000d5c80000)
  from space 5632K, 99% used [0x00000000d5c80000,0x00000000d61fed50,0x00000000d6200000)
  to   space 8704K, 0% used [0x00000000d6500000,0x00000000d6500000,0x00000000d6d80000)
 ParOldGen       total 457728K, used 340068K [0x0000000080000000, 0x000000009bf00000, 0x00000000d5580000)
  object space 457728K, 74% used [0x0000000080000000,0x0000000094c190e8,0x000000009bf00000)
 Metaspace       used 59199K, committed 60416K, reserved 1114112K
  class space    used 6381K, committed 6912K, reserved 1048576K
}
Event: 398.307 GC heap after
{Heap after GC invocations=500 (full 6):
 PSYoungGen      total 8192K, used 277K [0x00000000d5580000, 0x00000000d6580000, 0x0000000100000000)
  eden space 7680K, 0% used [0x00000000d5580000,0x00000000d5580000,0x00000000d5d00000)
  from space 512K, 54% used [0x00000000d6500000,0x00000000d65454f0,0x00000000d6580000)
  to   space 3584K, 0% used [0x00000000d5e80000,0x00000000d5e80000,0x00000000d6200000)
 ParOldGen       total 457728K, used 345719K [0x0000000080000000, 0x000000009bf00000, 0x00000000d5580000)
  object space 457728K, 75% used [0x0000000080000000,0x000000009519dd80,0x000000009bf00000)
 Metaspace       used 59199K, committed 60416K, reserved 1114112K
  class space    used 6381K, committed 6912K, reserved 1048576K
}
Event: 398.975 GC heap before
{Heap before GC invocations=501 (full 6):
 PSYoungGen      total 8192K, used 7957K [0x00000000d5580000, 0x00000000d6580000, 0x0000000100000000)
  eden space 7680K, 100% used [0x00000000d5580000,0x00000000d5d00000,0x00000000d5d00000)
  from space 512K, 54% used [0x00000000d6500000,0x00000000d65454f0,0x00000000d6580000)
  to   space 3584K, 0% used [0x00000000d5e80000,0x00000000d5e80000,0x00000000d6200000)
 ParOldGen       total 457728K, used 345719K [0x0000000080000000, 0x000000009bf00000, 0x00000000d5580000)
  object space 457728K, 75% used [0x0000000080000000,0x000000009519dd80,0x000000009bf00000)
 Metaspace       used 59552K, committed 60736K, reserved 1114112K
  class space    used 6422K, committed 6976K, reserved 1048576K
}
Event: 398.980 GC heap after
{Heap after GC invocations=501 (full 6):
 PSYoungGen      total 11776K, used 1882K [0x00000000d5580000, 0x00000000d6580000, 0x0000000100000000)
  eden space 8192K, 0% used [0x00000000d5580000,0x00000000d5580000,0x00000000d5d80000)
  from space 3584K, 52% used [0x00000000d5e80000,0x00000000d6056900,0x00000000d6200000)
  to   space 2560K, 0% used [0x00000000d6300000,0x00000000d6300000,0x00000000d6580000)
 ParOldGen       total 457728K, used 345727K [0x0000000080000000, 0x000000009bf00000, 0x00000000d5580000)
  object space 457728K, 75% used [0x0000000080000000,0x000000009519fd80,0x000000009bf00000)
 Metaspace       used 59552K, committed 60736K, reserved 1114112K
  class space    used 6422K, committed 6976K, reserved 1048576K
}
Event: 399.046 GC heap before
{Heap before GC invocations=502 (full 6):
 PSYoungGen      total 11776K, used 10074K [0x00000000d5580000, 0x00000000d6580000, 0x0000000100000000)
  eden space 8192K, 100% used [0x00000000d5580000,0x00000000d5d80000,0x00000000d5d80000)
  from space 3584K, 52% used [0x00000000d5e80000,0x00000000d6056900,0x00000000d6200000)
  to   space 2560K, 0% used [0x00000000d6300000,0x00000000d6300000,0x00000000d6580000)
 ParOldGen       total 457728K, used 345727K [0x0000000080000000, 0x000000009bf00000, 0x00000000d5580000)
  object space 457728K, 75% used [0x0000000080000000,0x000000009519fd80,0x000000009bf00000)
 Metaspace       used 59556K, committed 60736K, reserved 1114112K
  class space    used 6423K, committed 6976K, reserved 1048576K
}
Event: 399.058 GC heap after
{Heap after GC invocations=502 (full 6):
 PSYoungGen      total 10752K, used 2540K [0x00000000d5580000, 0x00000000d6580000, 0x0000000100000000)
  eden space 8192K, 0% used [0x00000000d5580000,0x00000000d5580000,0x00000000d5d80000)
  from space 2560K, 99% used [0x00000000d6300000,0x00000000d657b1c8,0x00000000d6580000)
  to   space 3584K, 0% used [0x00000000d5e80000,0x00000000d5e80000,0x00000000d6200000)
 ParOldGen       total 457728K, used 349407K [0x0000000080000000, 0x000000009bf00000, 0x00000000d5580000)
  object space 457728K, 76% used [0x0000000080000000,0x0000000095537d80,0x000000009bf00000)
 Metaspace       used 59556K, committed 60736K, reserved 1114112K
  class space    used 6423K, committed 6976K, reserved 1048576K
}
Event: 399.297 GC heap before
{Heap before GC invocations=503 (full 6):
 PSYoungGen      total 10752K, used 10614K [0x00000000d5580000, 0x00000000d6580000, 0x0000000100000000)
  eden space 8192K, 98% used [0x00000000d5580000,0x00000000d5d62680,0x00000000d5d80000)
  from space 2560K, 99% used [0x00000000d6300000,0x00000000d657b1c8,0x00000000d6580000)
  to   space 3584K, 0% used [0x00000000d5e80000,0x00000000d5e80000,0x00000000d6200000)
 ParOldGen       total 457728K, used 349407K [0x0000000080000000, 0x000000009bf00000, 0x00000000d5580000)
  object space 457728K, 76% used [0x0000000080000000,0x0000000095537d80,0x000000009bf00000)
 Metaspace       used 59579K, committed 60800K, reserved 1114112K
  class space    used 6423K, committed 6976K, reserved 1048576K
}
Event: 399.308 GC heap after
{Heap after GC invocations=503 (full 6):
 PSYoungGen      total 11776K, used 3582K [0x00000000d5580000, 0x00000000d6580000, 0x0000000100000000)
  eden space 8192K, 0% used [0x00000000d5580000,0x00000000d5580000,0x00000000d5d80000)
  from space 3584K, 99% used [0x00000000d5e80000,0x00000000d61ff8f0,0x00000000d6200000)
  to   space 2560K, 0% used [0x00000000d6300000,0x00000000d6300000,0x00000000d6580000)
 ParOldGen       total 457728K, used 353596K [0x0000000080000000, 0x000000009bf00000, 0x00000000d5580000)
  object space 457728K, 77% used [0x0000000080000000,0x000000009594f0f0,0x000000009bf00000)
 Metaspace       used 59579K, committed 60800K, reserved 1114112K
  class space    used 6423K, committed 6976K, reserved 1048576K
}
Event: 399.500 GC heap before
{Heap before GC invocations=504 (full 6):
 PSYoungGen      total 11776K, used 11520K [0x00000000d5580000, 0x00000000d6580000, 0x0000000100000000)
  eden space 8192K, 96% used [0x00000000d5580000,0x00000000d5d407c8,0x00000000d5d80000)
  from space 3584K, 99% used [0x00000000d5e80000,0x00000000d61ff8f0,0x00000000d6200000)
  to   space 2560K, 0% used [0x00000000d6300000,0x00000000d6300000,0x00000000d6580000)
 ParOldGen       total 457728K, used 353596K [0x0000000080000000, 0x000000009bf00000, 0x00000000d5580000)
  object space 457728K, 77% used [0x0000000080000000,0x000000009594f0f0,0x000000009bf00000)
 Metaspace       used 59592K, committed 60800K, reserved 1114112K
  class space    used 6424K, committed 6976K, reserved 1048576K
}
Event: 399.511 GC heap after
{Heap after GC invocations=504 (full 6):
 PSYoungGen      total 10752K, used 2529K [0x00000000d5580000, 0x00000000d6580000, 0x0000000100000000)
  eden space 8192K, 0% used [0x00000000d5580000,0x00000000d5580000,0x00000000d5d80000)
  from space 2560K, 98% used [0x00000000d6300000,0x00000000d6578468,0x00000000d6580000)
  to   space 3584K, 0% used [0x00000000d5e80000,0x00000000d5e80000,0x00000000d6200000)
 ParOldGen       total 457728K, used 358822K [0x0000000080000000, 0x000000009bf00000, 0x00000000d5580000)
  object space 457728K, 78% used [0x0000000080000000,0x0000000095e69a68,0x000000009bf00000)
 Metaspace       used 59592K, committed 60800K, reserved 1114112K
  class space    used 6424K, committed 6976K, reserved 1048576K
}

